<?xml version="1.0" encoding="UTF-8"?>
<testsuite name="LoginPageTestWithPageObject" tests="1" skipped="0" failures="0" errors="0" timestamp="2025-12-11T17:11:13.153Z" hostname="DESKTOP-AI8TUE5" time="6.359">
  <properties/>
  <testcase name="Test for Login Page" classname="LoginPageTestWithPageObject" time="6.359"/>
  <system-out><![CDATA[]]></system-out>
  <system-err><![CDATA[дек. 11, 2025 8:11:15 PM org.openqa.selenium.devtools.CdpVersionFinder findNearestMatch
WARNING: Unable to find an exact match for CDP version 143, returning the closest version; found: 142; Please update to a Selenium version that supports CDP version 143
]]></system-err>
</testsuite>
